
Showing logs for build [32mcb-kubecd-environment-pr-242-12-482fr-1[0m stage [32mfrom-build-pack[0m and container [32mstep-credential-initializer-hxpl4[0m
{"level":"info","ts":1593053794.840383,"logger":"fallback-logger","caller":"logging/config.go:69","msg":"Fetch GitHub commit ID from kodata failed: open /var/run/ko/refs/heads/0.8.0-ns-support: no such file or directory"}
{"level":"info","ts":1593053794.8411605,"logger":"fallback-logger","caller":"creds-init/main.go:40","msg":"Credentials initialized."}

Showing logs for build [32mcb-kubecd-environment-pr-242-12-482fr-1[0m stage [32mfrom-build-pack[0m and container [32mstep-working-dir-initializer-mmlb5[0m
{"level":"info","ts":1593053795.8413763,"logger":"fallback-logger","caller":"logging/config.go:69","msg":"Fetch GitHub commit ID from kodata failed: open /var/run/ko/HEAD: no such file or directory"}
{"level":"info","ts":1593053795.8427503,"logger":"fallback-logger","caller":"bash/main.go:64","msg":"Successfully executed command \"sh -c mkdir -p /workspace/source\"; output "}

Showing logs for build [32mcb-kubecd-environment-pr-242-12-482fr-1[0m stage [32mfrom-build-pack[0m and container [32mstep-place-tools[0m

Showing logs for build [32mcb-kubecd-environment-pr-242-12-482fr-1[0m stage [32mfrom-build-pack[0m and container [32mstep-git-source-cb-kubecd-environment-pr-242-12-482fr-hzrhj[0m
{"level":"info","ts":1593053799.8872252,"logger":"fallback-logger","caller":"logging/config.go:69","msg":"Fetch GitHub commit ID from kodata failed: open /var/run/ko/refs/heads/0.8.0-ns-support: no such file or directory"}
{"level":"info","ts":1593053800.95397,"logger":"fallback-logger","caller":"git/git.go:103","msg":"Successfully cloned https://github.com/cb-kubecd/environment-pr-242-12-gke-upgrade-production.git @ master in path /workspace/source"}

Showing logs for build [32mcb-kubecd-environment-pr-242-12-482fr-1[0m stage [32mfrom-build-pack[0m and container [32mstep-git-merge[0m
Using SHAs from PULL_REFS=master:4c09ede133bfc0368cb6e4608a501a04a5830b9a,1:41eb91df31223ea027e97ddf1b65c9a912488b3d
DEBUG: LC_ALL=C JX_LOG_LEVEL=error git fetch origin --unshallow 41eb91df31223ea027e97ddf1b65c9a912488b3d: 4c09ede133bfc0368cb6e4608a501a04a5830b9a:
DEBUG: ran git fetch --unshallow origin 41eb91df31223ea027e97ddf1b65c9a912488b3d: 4c09ede133bfc0368cb6e4608a501a04a5830b9a: in 
DEBUG: LC_ALL=C JX_LOG_LEVEL=error git branch
DEBUG: LC_ALL=C JX_LOG_LEVEL=error git checkout master
DEBUG: ran git checkout master in 
DEBUG: LC_ALL=C JX_LOG_LEVEL=error git reset --hard 4c09ede133bfc0368cb6e4608a501a04a5830b9a
DEBUG: ran git reset --hard 4c09ede133bfc0368cb6e4608a501a04a5830b9a in 
DEBUG: LC_ALL=C JX_LOG_LEVEL=error git clean -fd .
DEBUG: ran clean --force -d . in 
DEBUG: LC_ALL=C JX_LOG_LEVEL=error git merge 41eb91df31223ea027e97ddf1b65c9a912488b3d
DEBUG: ran git merge 41eb91df31223ea027e97ddf1b65c9a912488b3d in 
DEBUG: LC_ALL=C JX_LOG_LEVEL=error git log --format=%H%x1f%an%x1f%ae%x1f%cn%x1f%ce%x1f%s%n%b%x1e 4c09ede133bfc0368cb6e4608a501a04a5830b9a..HEAD
Merged SHA 41eb91df31223ea027e97ddf1b65c9a912488b3d with commit message 'chore: Promote bdd-spring-1593052475 to version 0.0.1' into base branch master

Showing logs for build [32mcb-kubecd-environment-pr-242-12-482fr-1[0m stage [32mfrom-build-pack[0m and container [32mstep-build-helm-build[0m
WARNING: No $CHART_REPOSITORY defined so using the default value of: http://jenkins-x-chartmuseum:8080
Adding missing Helm repo: storage.googleapis.com https://storage.googleapis.com/chartmuseum.jenkins-x.io
WARNING: No secrets found on "helm/repos" due: reading the secret "helm/repos" from vault: no secret "helm/repos" not found in vault
Read credentials for https://storage.googleapis.com/chartmuseum.jenkins-x.io from vault helm/repos
Successfully added Helm repository storage.googleapis.com.
Adding missing Helm repo: jenkins-x-chartmuseum http://jenkins-x-chartmuseum:8080
WARNING: No secrets found on "helm/repos" due: reading the secret "helm/repos" from vault: no secret "helm/repos" not found in vault
Read credentials for http://jenkins-x-chartmuseum:8080 from vault helm/repos
Successfully added Helm repository jenkins-x-chartmuseum.
WARNING: No $CHART_REPOSITORY defined so using the default value of: http://jenkins-x-chartmuseum:8080
Adding missing Helm repo: chartmuseum.jenkins-x.io http://chartmuseum.jenkins-x.io
WARNING: No secrets found on "helm/repos" due: reading the secret "helm/repos" from vault: no secret "helm/repos" not found in vault
Read credentials for http://chartmuseum.jenkins-x.io from vault helm/repos
Successfully added Helm repository chartmuseum.jenkins-x.io.
